commit d9990e575bcc451260746b3a2e58dc5bf490a497
Author: lvqiang <1072948038@qq.com>
Date:   Wed Jul 17 11:22:38 2019 +0800

    123696

diff --git a/abc.txt b/abc.txt
index f20e6f8..4fef070 100644
--- a/abc.txt
+++ b/abc.txt
@@ -1,2 +1,2 @@
-9989
-123456
+998
+12456

commit 15da55e2cdc9f7845e1d4ed8d5416de29774996c
Author: lvqiang <1072948038@qq.com>
Date:   Wed Jul 17 11:20:47 2019 +0800

    123

diff --git a/abc.txt b/abc.txt
index 1e426ae..f20e6f8 100644
--- a/abc.txt
+++ b/abc.txt
@@ -1 +1,2 @@
-9989
\ No newline at end of file
+9989
+123456

commit 7cb6d3875cb41e3fcfdc51f08c583336696fd12e
Author: lvqiang <1072948038@qq.com>
Date:   Wed Jul 17 10:55:30 2019 +0800

    sss123---

diff --git a/.gitignore b/.gitignore
new file mode 100644
index 0000000..cb033d5
--- /dev/null
+++ b/.gitignore
@@ -0,0 +1,2 @@
+
+*html
\ No newline at end of file
diff --git a/abc.txt b/abc.txt
index 7471f53..1e426ae 100644
--- a/abc.txt
+++ b/abc.txt
@@ -1,4 +1 @@
-bc
-abc
-abc
-
+9989
\ No newline at end of file

commit fcf4b27d4af34eda0774deb247a81c5cc3224dc5
Author: lvqiang <1072948038@qq.com>
Date:   Wed Jul 17 09:29:44 2019 +0800

    注释内容

diff --git a/abc.txt b/abc.txt
new file mode 100644
index 0000000..7471f53
--- /dev/null
+++ b/abc.txt
@@ -0,0 +1,4 @@
+bc
+abc
+abc
+
